<?xml version="1.0" encoding="utf-8"?><testsuites name="pytest tests"><testsuite name="pytest" errors="0" failures="0" skipped="0" tests="8" time="4.747" timestamp="2026-02-14T03:28:27.454342+00:00" hostname="agent-env-4ffd3b53-117a-4403-a64d-52db24bc5da6"><testcase classname="backend.tests.test_owner_portal.TestOwnerAuth" name="test_owner_login_success" time="0.501" /><testcase classname="backend.tests.test_owner_portal.TestOwnerAuth" name="test_owner_login_invalid_credentials" time="0.475" /><testcase classname="backend.tests.test_owner_portal.TestOwnerRevenue" name="test_get_revenue" time="0.553" /><testcase classname="backend.tests.test_owner_portal.TestOwnerRevenue" name="test_stripe_connect" time="0.743" /><testcase classname="backend.tests.test_owner_portal.TestOwnerAnalytics" name="test_analytics_overview" time="0.621" /><testcase classname="backend.tests.test_owner_portal.TestOwnerAnalytics" name="test_analytics_leaderboard" time="0.577" /><testcase classname="backend.tests.test_owner_portal.TestOwnerCases" name="test_get_cases" time="0.633" /><testcase classname="backend.tests.test_owner_portal.TestOwnerUsers" name="test_get_users" time="0.582" /></testsuite></testsuites>